<?xml version="1.0" encoding="UTF-8"?>
<testsuite xmlns:xsi="http://www.w3.org/2001/XMLSchema-instance" xsi:noNamespaceSchemaLocation="https://maven.apache.org/surefire/maven-surefire-plugin/xsd/surefire-test-report-3.0.xsd" version="3.0" name="io.github.rjrico17.centroidfinder.DistanceImageBinarizerTest" time="0.037" tests="6" errors="0" skipped="0" failures="0">
  <properties>
[...]
</properties>
  <testcase name="testToBinaryArray_NullImage" classname="io.github.rjrico17.centroidfinder.DistanceImageBinarizerTest" time="0.007"/>
  <testcase name="testToBufferedImage_NullArray" classname="io.github.rjrico17.centroidfinder.DistanceImageBinarizerTest" time="0.003"/>
  <testcase name="testToBinaryArray_SinglePixelCloseToTargetColor" classname="io.github.rjrico17.centroidfinder.DistanceImageBinarizerTest" time="0.003"/>
  <testcase name="testToBufferedImage_InvalidBinaryValues" classname="io.github.rjrico17.centroidfinder.DistanceImageBinarizerTest" time="0.004"/>
  <testcase name="testToBinaryArray_SinglePixelFarFromTargetColor" classname="io.github.rjrico17.centroidfinder.DistanceImageBinarizerTest" time="0.003"/>
  <testcase name="testConstructor" classname="io.github.rjrico17.centroidfinder.DistanceImageBinarizerTest" time="0.002"/>
</testsuite>